# Preference setting overrides
gui_set_pref_value -category {Globals} -key {app_fixed_width_font} -value {Fixed,18,-1,5,50,0,0,0,0,0}
gui_create_pref_key -category {Globals} -key {load_detail_for_funcov} -value_type {bool} -value {false}
gui_create_pref_category -category {dlg_settings}
gui_create_pref_key -category {dlg_settings} -key {tableWithImmediatePopup} -value_type {bool} -value {true}
gui_create_pref_category -category {schem_obj_name}
gui_create_pref_key -category {schem_obj_name} -key {show_cell_and_pin_with_symbol_name} -value_type {bool} -value {false}
gui_create_pref_key -category {schem_pin_hc} -key {textExtFont} -value_type {string} -value {Helvetica,10,-1,5,50,0,0,0,0,0}

# State setting overrides
gui_state_default_create -off -ini
gui_set_state_value -category Globals -key recent_cov_databases -value {{gui_open_cov  -hier /home/yanggb/sub_module/fenpin/sim/scr/simv.vdb -testdir  {/home/yanggb/sub_module/fenpin/sim/scr/simv.vdb} -test {/home/yanggb/sub_module/fenpin/sim/scr/simv/test } -merge MergedTest}}
gui_set_state_value -category Globals -key recent_databases -value {{gui_open_db -file /home/yanggb/sub_module/sync_fifo/sim/run/vcdplus.vpd -design V1} {gui_open_db -file /home/yanggb/sub_module/sync_fifo/sim/run/sync_fifo_from_web/vcdplus.vpd -design V3} {gui_open_db -file /home/yanggb/sub_module/sync_fifo/sim/run/sync_fifo_from_web/vcdplus.vpd -design V2} {gui_open_db -file /home/yanggb/sub_module/sync_fifo/sim/run/vcdplus.vpd -design V2} {gui_open_db -file /home/yanggb/sub_module/sync_fifo/sim/run/vcdplus.vpd -design V3}}
gui_set_state_value -category Layout -key child_console_size_x -value 1905
gui_set_state_value -category Layout -key child_console_size_y -value 167
gui_set_state_value -category Layout -key child_covdetail_docknewline -value false
gui_set_state_value -category Layout -key child_covdetail_pos_x -value {-2}
gui_set_state_value -category Layout -key child_covdetail_pos_y -value {-20}
gui_set_state_value -category Layout -key child_covdetail_size_x -value 1724
gui_set_state_value -category Layout -key child_covdetail_size_y -value 725
gui_set_state_value -category Layout -key child_coveragetable_docknewline -value false
gui_set_state_value -category Layout -key child_coveragetable_pos_x -value {-2}
gui_set_state_value -category Layout -key child_coveragetable_pos_y -value {-20}
gui_set_state_value -category Layout -key child_coveragetable_size_x -value 1720
gui_set_state_value -category Layout -key child_coveragetable_size_y -value 721
gui_set_state_value -category Layout -key child_data_size_x -value 139
gui_set_state_value -category Layout -key child_data_size_y -value 741
gui_set_state_value -category Layout -key child_driver_size_x -value 1618
gui_set_state_value -category Layout -key child_driver_size_y -value 179
gui_set_state_value -category Layout -key child_hier_col3 -value {-1}
gui_set_state_value -category Layout -key child_hier_colpd -value 0
gui_set_state_value -category Layout -key child_hier_size_x -value 139
gui_set_state_value -category Layout -key child_hier_size_y -value 741
gui_set_state_value -category Layout -key child_list_down -value 188
gui_set_state_value -category Layout -key child_list_left -value 178
gui_set_state_value -category Layout -key child_list_right -value 416
gui_set_state_value -category Layout -key child_list_up -value 120
gui_set_state_value -category Layout -key child_schematic_docknewline -value false
gui_set_state_value -category Layout -key child_schematic_pos_x -value {-2}
gui_set_state_value -category Layout -key child_schematic_pos_y -value {-15}
gui_set_state_value -category Layout -key child_schematic_size_x -value 1600
gui_set_state_value -category Layout -key child_schematic_size_y -value 718
gui_set_state_value -category Layout -key child_source_docknewline -value false
gui_set_state_value -category Layout -key child_source_pos_x -value {-2}
gui_set_state_value -category Layout -key child_source_pos_y -value {-15}
gui_set_state_value -category Layout -key child_source_size_x -value 1630
gui_set_state_value -category Layout -key child_source_size_y -value 736
gui_set_state_value -category Layout -key child_wave_colname -value 266
gui_set_state_value -category Layout -key child_wave_colvalue -value 266
gui_set_state_value -category Layout -key child_wave_left -value 537
gui_set_state_value -category Layout -key child_wave_right -value 1309
gui_set_state_value -category Layout -key cov_main_pos_x -value 3
gui_set_state_value -category Layout -key cov_main_pos_y -value 52
gui_set_state_value -category Layout -key cov_main_size_x -value 1917
gui_set_state_value -category Layout -key cov_main_size_y -value 1050
gui_set_state_value -category Layout -key main_pos_x -value 12
gui_set_state_value -category Layout -key main_pos_y -value 61
gui_set_state_value -category Layout -key main_size_x -value 1917
gui_set_state_value -category Layout -key main_size_y -value 1050
gui_set_state_value -category Layout -key stand_list_child_docknewline -value false
gui_set_state_value -category Layout -key stand_list_child_pos_x -value {-2}
gui_set_state_value -category Layout -key stand_list_child_pos_y -value {-15}
gui_set_state_value -category Layout -key stand_list_child_size_x -value 604
gui_set_state_value -category Layout -key stand_list_child_size_y -value 338
gui_set_state_value -category Layout -key stand_list_top_pos_x -value 502
gui_set_state_value -category Layout -key stand_list_top_pos_y -value 51
gui_set_state_value -category Layout -key stand_list_top_size_x -value 1101
gui_set_state_value -category Layout -key stand_list_top_size_y -value 550
gui_set_state_value -category Layout -key stand_wave_child_docknewline -value false
gui_set_state_value -category Layout -key stand_wave_child_pos_x -value {-2}
gui_set_state_value -category Layout -key stand_wave_child_pos_y -value {-15}
gui_set_state_value -category Layout -key stand_wave_child_size_x -value 1856
gui_set_state_value -category Layout -key stand_wave_child_size_y -value 905
gui_set_state_value -category Layout -key stand_wave_top_pos_x -value 66
gui_set_state_value -category Layout -key stand_wave_top_pos_y -value 59
gui_set_state_value -category Layout -key stand_wave_top_size_x -value 1917
gui_set_state_value -category Layout -key stand_wave_top_size_y -value 1050
gui_create_state_key -category FindDialog -key m_pMatchCase -value_type bool -value false
gui_create_state_key -category FindDialog -key m_pMatchWord -value_type bool -value false
gui_create_state_key -category FindDialog -key m_pUseCombo -value_type string -value {}
gui_create_state_key -category FindDialog -key m_pWrapAround -value_type bool -value true
gui_create_state_key -category Layout_CoverageTable_covtblFGroupsList -key names -value_type string -value {Group,    , ,  ,   ,Score,}
gui_create_state_key -category Layout_CoverageTable_covtblFGroupsList -key orders -value_type string -value 4,0,1,2,3,5,
gui_create_state_key -category Layout_CoverageTable_covtblFGroupsList -key widths -value_type string -value 220,0,25,0,0,125,
gui_create_state_key -category Layout_CoverageTable_covtblInstancesList -key names -value_type string -value {Name,    , ,  ,   ,Score,Line,Toggle,FSM,Condition,}
gui_create_state_key -category Layout_CoverageTable_covtblInstancesList -key orders -value_type string -value 4,0,1,2,3,5,6,7,8,9,
gui_create_state_key -category Layout_CoverageTable_covtblInstancesList -key widths -value_type string -value 220,0,25,0,0,125,125,125,125,125,
gui_create_state_key -category Layout_CoverageTable_covtblModulesList -key names -value_type string -value {Name,    , ,  ,   ,Score,Line,Toggle,FSM,Condition,}
gui_create_state_key -category Layout_CoverageTable_covtblModulesList -key orders -value_type string -value 4,0,1,2,3,5,6,7,8,9,
gui_create_state_key -category Layout_CoverageTable_covtblModulesList -key widths -value_type string -value 220,0,25,0,0,125,125,125,125,125,
gui_create_state_key -category Layout_CovDetail_lnListView -key names -value_type string -value Category,Coverage,
gui_create_state_key -category Layout_CovDetail_lnListView -key orders -value_type string -value 0,1,
gui_create_state_key -category Layout_CovDetail_lnListView -key widths -value_type string -value 126,125,
gui_create_state_key -category Layout_CovDetail_tglListView -key names -value_type string -value {Variable, ,  ,   ,Type,Coverage,Display,}
gui_create_state_key -category Layout_CovDetail_tglListView -key orders -value_type string -value 3,0,1,2,4,5,6,
gui_create_state_key -category Layout_CovDetail_tglListView -key widths -value_type string -value 140,25,0,0,50,125,745,
gui_create_state_key -category Layout_CovDetail_tglDetailListView -key names -value_type string -value {Variable, ,  ,   ,0->1,1->0,}
gui_create_state_key -category Layout_CovDetail_tglDetailListView -key orders -value_type string -value 3,0,1,2,4,5,
gui_create_state_key -category Layout_CovDetail_tglDetailListView -key widths -value_type string -value 140,25,0,0,50,50,
gui_create_state_key -category Layout_CovDetail_fsmListView -key names -value_type string -value {FSM, ,  ,   ,State,Transition,Sequence,}
gui_create_state_key -category Layout_CovDetail_fsmListView -key orders -value_type string -value 3,0,1,2,5,4,6,
gui_create_state_key -category Layout_CovDetail_fsmListView -key widths -value_type string -value 71,25,0,0,125,125,125,
gui_create_state_key -category Layout_CovDetail_fsmlist -key names -value_type string -value {Coverage, ,  ,   ,Transition,}
gui_create_state_key -category Layout_CovDetail_fsmlist -key orders -value_type string -value 3,0,1,2,4,
gui_create_state_key -category Layout_CovDetail_fsmlist -key widths -value_type string -value 125,25,0,0,94,
gui_create_state_key -category Layout_CovDetail_cndListView -key names -value_type string -value {Expression, ,  ,   ,ID,Coverage,Line No.,}
gui_create_state_key -category Layout_CovDetail_cndListView -key orders -value_type string -value 3,0,1,2,4,5,6,
gui_create_state_key -category Layout_CovDetail_cndListView -key widths -value_type string -value 320,25,0,0,0,125,79,
gui_create_state_key -category Layout_CovDetail_brListView -key names -value_type string -value {Name, ,  ,   ,Coverage,Line No.,}
gui_create_state_key -category Layout_CovDetail_brListView -key orders -value_type string -value 3,0,1,2,4,5,
gui_create_state_key -category Layout_CovDetail_brListView -key widths -value_type string -value 100,25,0,0,125,79,
gui_create_state_key -category Layout_CovDetail_designAssertListView -key names -value_type string -value {Assert Name,    , ,  ,   ,Attempts,Real Successes,Failures,Incompletes,Category,Severity,}
gui_create_state_key -category Layout_CovDetail_designAssertListView -key orders -value_type string -value 4,0,1,2,3,5,6,7,8,9,10,
gui_create_state_key -category Layout_CovDetail_designAssertListView -key widths -value_type string -value 133,0,25,0,0,84,126,76,107,82,75,
gui_create_state_key -category Layout_CovDetail_codeMiddleSplitter -key value1 -value_type integer -value 635
gui_create_state_key -category Layout_CovDetail_codeMiddleSplitter -key value2 -value_type integer -value 1059
gui_create_state_key -category Layout_CovDetail_cndSplitter -key value1 -value_type integer -value 180
gui_create_state_key -category Layout_CovDetail_cndSplitter -key value2 -value_type integer -value 1514
gui_create_state_key -category Layout_CovDetail_covGrpInsListView -key names -value_type string -value {Cover Group Item,    , ,  ,   ,Definition,Score,Goal,Weight,At Least,Per Instance,Overlap,Auto Bin Max,Print Missing,Comment,}
gui_create_state_key -category Layout_CovDetail_covGrpInsListView -key orders -value_type string -value 4,0,1,2,3,5,6,7,8,9,10,11,12,13,14,
gui_create_state_key -category Layout_CovDetail_covGrpInsListView -key widths -value_type string -value 172,0,25,0,0,92,125,38,57,65,97,0,107,103,75,
gui_create_state_key -category Layout_CovDetail_covGrpDefListView -key names -value_type string -value {Cover Group Item,    , ,  ,   ,Score,Goal,Weight,At Least,Per Instance,Overlap,Auto Bin Max,Print Missing,Comment,}
gui_create_state_key -category Layout_CovDetail_covGrpDefListView -key orders -value_type string -value 4,0,1,2,3,5,6,7,8,9,10,11,12,13,
gui_create_state_key -category Layout_CovDetail_covGrpDefListView -key widths -value_type string -value 172,0,25,0,0,125,38,57,65,97,0,107,103,75,
gui_create_state_key -category Layout_CovDetail_m_CovGrpTable -key names -value_type string -value {Bin Name,    , ,  ,   ,Status,Cross,At Least,Size,Hit Count,}
gui_create_state_key -category Layout_CovDetail_m_CovGrpTable -key orders -value_type string -value 5,0,1,2,3,4,6,7,8,9,
gui_create_state_key -category Layout_CovDetail_m_CovGrpTable -key widths -value_type string -value 112,0,25,0,0,150,0,77,46,89,
gui_create_state_key -category {Layout_CovDetail_assertion list} -key names -value_type string -value {Instance,    , ,  ,   ,Assert Name,Attempts,Real Successes,Failures,Incompletes,Category,Severity,}
gui_create_state_key -category {Layout_CovDetail_assertion list} -key orders -value_type string -value 4,0,1,2,3,5,6,7,8,9,10,11,
gui_create_state_key -category {Layout_CovDetail_assertion list} -key widths -value_type string -value 103,0,25,0,0,110,84,126,110,107,82,75,
gui_create_state_key -category Layout_CovDetail_funMiddleSplitter -key value1 -value_type integer -value 32
gui_create_state_key -category Layout_CovDetail_funMiddleSplitter -key value2 -value_type integer -value 52
gui_create_state_key -category Layout_CovDetail_splitterWithPrefVal -key value1 -value_type integer -value 180
gui_create_state_key -category Layout_CovDetail_splitterWithPrefVal -key value2 -value_type integer -value 508
gui_state_default_create -off

# Begin command logging
gui_open_db -file /home/yanggb/sub_module/sync_fifo/sim/run/vcdplus.vpd -design V1
gui_list_select -id Data.1 -selected  { tb.rd_en   }
gui_list_select_all -id Data.1
gui_open_window Wave
gui_list_add -id Wave.1 -from Data.1 { tb.clk tb.rst_n tb.wr_en tb.rd_en {tb.wr_data[3:0]} tb.rd_empty tb.wr_full {tb.rd_data[3:0]} {tb.WIDTH[31:0]} } -insertionbar
gui_zoom -window Wave.1 -full
gui_wv_zoom_timerange -id  Wave.1 471 697
gui_list_select -id Wave.1 -selected  { tb.rd_empty   }
gui_list_select -id Wave.1 -selected  { tb.wr_full   }
gui_wv_scroll_hslidermove -id  Wave.1 2878
gui_wv_scroll_hslidermove -id  Wave.1 3070
gui_wv_scroll_hslidermove -id  Wave.1 3262
gui_zoom -window Wave.1 -full
gui_wv_zoom_timerange -id  Wave.1 316 720
gui_wv_zoom_timerange -id  Wave.1 456 683
gui_zoom -window Wave.1 -factor 0.5
gui_marker_move -id  Wave.1 C1 497
gui_marker_move -id  Wave.1 C1 503
gui_marker_move -id  Wave.1 C1 550
gui_marker_move -id  Wave.1 C1 555
gui_marker_move -id  Wave.1 C1 575
gui_wv_zoom_timerange -id  Wave.1 620 621
gui_marker_move -id  Wave.1 C1 620
gui_zoom -window Wave.1 -factor 0.5
gui_zoom -window Wave.1 -factor 0.5
gui_zoom -window Wave.1 -factor 0.5
gui_zoom -window Wave.1 -factor 0.5
gui_zoom -window Wave.1 -factor 0.5
gui_zoom -window Wave.1 -factor 0.5
gui_zoom -window Wave.1 -factor 0.5
gui_zoom -window Wave.1 -factor 0.5
gui_wv_scroll_hslidermove -id  Wave.1 803
gui_close_window -window TopLevel.2
